0 info it worked if it ends with ok
1 verbose cli [ 'node', '/usr/local/bin/npm', 'run', 'bundle' ]
2 info using npm@2.1.16
3 info using node@v0.10.32
4 verbose run-script [ 'prebundle', 'bundle', 'postbundle' ]
5 info prebundle bfy@1.0.0
6 info bundle bfy@1.0.0
7 verbose unsafe-perm in lifecycle true
8 info bfy@1.0.0 Failed to exec bundle script
9 verbose stack Error: bfy@1.0.0 bundle: `browserify -r lodash:underscore index.js`
9 verbose stack Exit status 1
9 verbose stack     at EventEmitter.<anonymous> (/usr/local/lib/node_modules/npm/lib/utils/lifecycle.js:212:16)
9 verbose stack     at EventEmitter.emit (events.js:98:17)
9 verbose stack     at ChildProcess.<anonymous> (/usr/local/lib/node_modules/npm/lib/utils/spawn.js:14:12)
9 verbose stack     at ChildProcess.emit (events.js:98:17)
9 verbose stack     at maybeClose (child_process.js:756:16)
9 verbose stack     at Process.ChildProcess._handle.onexit (child_process.js:823:5)
10 verbose pkgid bfy@1.0.0
11 verbose cwd /Users/Faiq/Documents/bfy
12 error Darwin 14.0.0
13 error argv "node" "/usr/local/bin/npm" "run" "bundle"
14 error node v0.10.32
15 error npm  v2.1.16
16 error code ELIFECYCLE
17 error bfy@1.0.0 bundle: `browserify -r lodash:underscore index.js`
17 error Exit status 1
18 error Failed at the bfy@1.0.0 bundle script 'browserify -r lodash:underscore index.js'.
18 error This is most likely a problem with the bfy package,
18 error not with npm itself.
18 error Tell the author that this fails on your system:
18 error     browserify -r lodash:underscore index.js
18 error You can get their info via:
18 error     npm owner ls bfy
18 error There is likely additional logging output above.
19 verbose exit [ 1, true ]
